<?xml version="1.0" encoding="UTF-8"?>
<testsuite xmlns:xsi="http://www.w3.org/2001/XMLSchema-instance" xsi:noNamespaceSchemaLocation="https://maven.apache.org/surefire/maven-surefire-plugin/xsd/surefire-test-report-3.0.xsd" version="3.0" name="TestSuite" time="254.954" tests="7" errors="0" skipped="0" failures="4">
  <properties>
[...]
</properties>
  <testcase name="inicioSesionAgriTest" classname="principal.AgriTest" time="13.842">
    <system-out><![CDATA[Prueba Inicio de Sesion
]]></system-out>
    <system-err><![CDATA[[main] ERROR io.qameta.allure.listener.LifecycleNotifier - Could not invoke listener method
java.lang.NullPointerException: Cannot invoke "io.qameta.allure.model.Status.ordinal()" because "status" is null
	at listeners.AllureListeners.beforeTestStop(AllureListeners.java:15)
	at io.qameta.allure.listener.LifecycleNotifier.lambda$runSafely$0(LifecycleNotifier.java:211)
	at java.base/java.util.ArrayList.forEach(ArrayList.java:1511)
	at io.qameta.allure.listener.LifecycleNotifier.runSafely(LifecycleNotifier.java:209)
	at io.qameta.allure.listener.LifecycleNotifier.beforeTestStop(LifecycleNotifier.java:88)
	at io.qameta.allure.AllureLifecycle.stopTestCase(AllureLifecycle.java:420)
	at io.qameta.allure.testng.AllureTestNg.stopTestCase(AllureTestNg.java:438)
	at io.qameta.allure.testng.AllureTestNg.createFakeResult(AllureTestNg.java:251)
	at io.qameta.allure.testng.AllureTestNg.lambda$onStart$3(AllureTestNg.java:243)
	at java.base/java.util.stream.ForEachOps$ForEachOp$OfRef.accept(ForEachOps.java:183)
	at java.base/java.util.stream.ReferencePipeline$2$1.accept(ReferencePipeline.java:179)
	at java.base/java.util.stream.ReferencePipeline$2$1.accept(ReferencePipeline.java:179)
	at java.base/java.util.stream.ReferencePipeline$2$1.accept(ReferencePipeline.java:179)
	at java.base/java.util.HashMap$KeySpliterator.forEachRemaining(HashMap.java:1707)
	at java.base/java.util.stream.AbstractPipeline.copyInto(AbstractPipeline.java:509)
	at java.base/java.util.stream.AbstractPipeline.wrapAndCopyInto(AbstractPipeline.java:499)
	at java.base/java.util.stream.ForEachOps$ForEachOp.evaluateSequential(ForEachOps.java:150)
	at java.base/java.util.stream.ForEachOps$ForEachOp$OfRef.evaluateSequential(ForEachOps.java:173)
	at java.base/java.util.stream.AbstractPipeline.evaluate(AbstractPipeline.java:234)
	at java.base/java.util.stream.ReferencePipeline.forEach(ReferencePipeline.java:596)
	at io.qameta.allure.testng.AllureTestNg.onStart(AllureTestNg.java:243)
	at org.testng.TestRunner.fireEvent(TestRunner.java:864)
	at org.testng.TestRunner.beforeRun(TestRunner.java:640)
	at org.testng.TestRunner.run(TestRunner.java:610)
	at org.testng.SuiteRunner.runTest(SuiteRunner.java:421)
	at org.testng.SuiteRunner.runSequentially(SuiteRunner.java:413)
	at org.testng.SuiteRunner.privateRun(SuiteRunner.java:373)
	at org.testng.SuiteRunner.run(SuiteRunner.java:312)
	at org.testng.SuiteRunnerWorker.runSuite(SuiteRunnerWorker.java:52)
	at org.testng.SuiteRunnerWorker.run(SuiteRunnerWorker.java:95)
	at org.testng.TestNG.runSuitesSequentially(TestNG.java:1274)
	at org.testng.TestNG.runSuitesLocally(TestNG.java:1208)
	at org.testng.TestNG.runSuites(TestNG.java:1112)
	at org.testng.TestNG.run(TestNG.java:1079)
	at org.apache.maven.surefire.testng.TestNGExecutor.run(TestNGExecutor.java:136)
	at org.apache.maven.surefire.testng.TestNGDirectoryTestSuite.executeMulti(TestNGDirectoryTestSuite.java:193)
	at org.apache.maven.surefire.testng.TestNGDirectoryTestSuite.execute(TestNGDirectoryTestSuite.java:94)
	at org.apache.maven.surefire.testng.TestNGProvider.invoke(TestNGProvider.java:145)
	at org.apache.maven.surefire.booter.ForkedBooter.runSuitesInProcess(ForkedBooter.java:428)
	at org.apache.maven.surefire.booter.ForkedBooter.execute(ForkedBooter.java:162)
	at org.apache.maven.surefire.booter.ForkedBooter.run(ForkedBooter.java:562)
	at org.apache.maven.surefire.booter.ForkedBooter.main(ForkedBooter.java:548)
may. 22, 2025 12:19:36 P. M. org.openqa.selenium.devtools.CdpVersionFinder findNearestMatch
ADVERTENCIA: Unable to find CDP implementation matching 136
may. 22, 2025 12:19:36 P. M. org.openqa.selenium.chromium.ChromiumDriver lambda$new$5
ADVERTENCIA: Unable to find version of CDP to use for 136.0.7103.114. You may need to include a dependency on a specific version of the CDP using something similar to `org.seleniumhq.selenium:selenium-devtools-v86:4.22.0` where the version ("v86") matches the version of the chromium-based browser you're using and the version number of the artifact is the same as Selenium's.
]]></system-err>
  </testcase>
  <testcase name="abrirMenuTest" classname="principal.NavegacionTest" time="18.696">
    <system-out><![CDATA[Prueba Inicio de Sesion
]]></system-out>
    <system-err><![CDATA[may. 22, 2025 12:19:51 P. M. org.openqa.selenium.devtools.CdpVersionFinder findNearestMatch
ADVERTENCIA: Unable to find CDP implementation matching 136
may. 22, 2025 12:19:51 P. M. org.openqa.selenium.chromium.ChromiumDriver lambda$new$5
ADVERTENCIA: Unable to find version of CDP to use for 136.0.7103.114. You may need to include a dependency on a specific version of the CDP using something similar to `org.seleniumhq.selenium:selenium-devtools-v86:4.22.0` where the version ("v86") matches the version of the chromium-based browser you're using and the version number of the artifact is the same as Selenium's.
]]></system-err>
  </testcase>
  <testcase name="facturaElectronicaSiiAgriTest" classname="principal.NavegacionTest" time="50.506">
    <failure message="The following asserts failed:&#10;	expected [true] but found [false]" type="java.lang.AssertionError"><![CDATA[java.lang.AssertionError: 
The following asserts failed:
	expected [true] but found [false]
	at principal.NavegacionTest.facturaElectronicaSiiAgriTest(NavegacionTest.java:176)
]]></failure>
    <system-out><![CDATA[Prueba SII
Buscar documentos Factura Electronica
Error: true
]]></system-out>
    <system-err><![CDATA[may. 22, 2025 12:20:11 P. M. org.openqa.selenium.devtools.CdpVersionFinder findNearestMatch
ADVERTENCIA: Unable to find CDP implementation matching 136
may. 22, 2025 12:20:11 P. M. org.openqa.selenium.chromium.ChromiumDriver lambda$new$5
ADVERTENCIA: Unable to find version of CDP to use for 136.0.7103.114. You may need to include a dependency on a specific version of the CDP using something similar to `org.seleniumhq.selenium:selenium-devtools-v86:4.22.0` where the version ("v86") matches the version of the chromium-based browser you're using and the version number of the artifact is the same as Selenium's.
]]></system-err>
  </testcase>
  <testcase name="inicioSesionAgriTest" classname="principal.NavegacionTest" time="13.156">
    <system-out><![CDATA[Prueba Inicio de Sesion
]]></system-out>
    <system-err><![CDATA[may. 22, 2025 12:21:03 P. M. org.openqa.selenium.devtools.CdpVersionFinder findNearestMatch
ADVERTENCIA: Unable to find CDP implementation matching 136
may. 22, 2025 12:21:03 P. M. org.openqa.selenium.chromium.ChromiumDriver lambda$new$5
ADVERTENCIA: Unable to find version of CDP to use for 136.0.7103.114. You may need to include a dependency on a specific version of the CDP using something similar to `org.seleniumhq.selenium:selenium-devtools-v86:4.22.0` where the version ("v86") matches the version of the chromium-based browser you're using and the version number of the artifact is the same as Selenium's.
]]></system-err>
  </testcase>
  <testcase name="notaCreditoSiiAgriTest" classname="principal.NavegacionTest" time="52.128">
    <failure message="The following asserts failed:&#10;	expected [true] but found [false]" type="java.lang.AssertionError"><![CDATA[java.lang.AssertionError: 
The following asserts failed:
	expected [true] but found [false]
	at principal.NavegacionTest.notaCreditoSiiAgriTest(NavegacionTest.java:280)
]]></failure>
    <system-out><![CDATA[Prueba SII
Buscar documentos Factura Electronica
Error: true
]]></system-out>
    <system-err><![CDATA[may. 22, 2025 12:21:17 P. M. org.openqa.selenium.devtools.CdpVersionFinder findNearestMatch
ADVERTENCIA: Unable to find CDP implementation matching 136
may. 22, 2025 12:21:17 P. M. org.openqa.selenium.chromium.ChromiumDriver lambda$new$5
ADVERTENCIA: Unable to find version of CDP to use for 136.0.7103.114. You may need to include a dependency on a specific version of the CDP using something similar to `org.seleniumhq.selenium:selenium-devtools-v86:4.22.0` where the version ("v86") matches the version of the chromium-based browser you're using and the version number of the artifact is the same as Selenium's.
]]></system-err>
  </testcase>
  <testcase name="notaDebitoSiiAgriTest" classname="principal.NavegacionTest" time="50.008">
    <failure message="The following asserts failed:&#10;	expected [true] but found [false]" type="java.lang.AssertionError"><![CDATA[java.lang.AssertionError: 
The following asserts failed:
	expected [true] but found [false]
	at principal.NavegacionTest.notaDebitoSiiAgriTest(NavegacionTest.java:384)
]]></failure>
    <system-out><![CDATA[Prueba SII
Buscar documentos Factura Electronica
Error: true
]]></system-out>
    <system-err><![CDATA[may. 22, 2025 12:22:10 P. M. org.openqa.selenium.devtools.CdpVersionFinder findNearestMatch
ADVERTENCIA: Unable to find CDP implementation matching 136
may. 22, 2025 12:22:10 P. M. org.openqa.selenium.chromium.ChromiumDriver lambda$new$5
ADVERTENCIA: Unable to find version of CDP to use for 136.0.7103.114. You may need to include a dependency on a specific version of the CDP using something similar to `org.seleniumhq.selenium:selenium-devtools-v86:4.22.0` where the version ("v86") matches the version of the chromium-based browser you're using and the version number of the artifact is the same as Selenium's.
]]></system-err>
  </testcase>
  <testcase name="remuneracionSiiAgriTest" classname="principal.NavegacionTest" time="42.459">
    <failure message="expected [Sutil] but found []" type="java.lang.AssertionError"><![CDATA[java.lang.AssertionError: expected [Sutil] but found []
	at principal.NavegacionTest.remuneracionSiiAgriTest(NavegacionTest.java:477)
]]></failure>
    <system-out><![CDATA[Prueba SII
Buscar documentos Factura Electronica
]]></system-out>
    <system-err><![CDATA[may. 22, 2025 12:23:02 P. M. org.openqa.selenium.devtools.CdpVersionFinder findNearestMatch
ADVERTENCIA: Unable to find CDP implementation matching 136
may. 22, 2025 12:23:02 P. M. org.openqa.selenium.chromium.ChromiumDriver lambda$new$5
ADVERTENCIA: Unable to find version of CDP to use for 136.0.7103.114. You may need to include a dependency on a specific version of the CDP using something similar to `org.seleniumhq.selenium:selenium-devtools-v86:4.22.0` where the version ("v86") matches the version of the chromium-based browser you're using and the version number of the artifact is the same as Selenium's.
]]></system-err>
  </testcase>
</testsuite>